<?xml version="1.0"?>
<testsuites>
  <testsuite name="Chrome 46.0.2490 (Mac OS X 10.10.5)" package="unit" timestamp="2015-10-28T23:20:47" id="0" hostname="dmariano-Work.lan">
    <properties>
      <property name="browser.fullName" value="Mozilla/5.0 (Macintosh; Intel Mac OS X 10_10_5) AppleWebKit/537.36 (KHTML, like Gecko) Chrome/46.0.2490.80 Safari/537.36"/>
    </properties>
  </testsuite>
  <testsuite name="Chrome 46.0.2490 (Mac OS X 10.10.5)" package="unit" timestamp="2015-10-28T23:20:48" id="0" hostname="dmariano-Work.lan" tests="23" errors="0" failures="0" time="1.006">
    <properties>
      <property name="browser.fullName" value="Mozilla/5.0 (Macintosh; Intel Mac OS X 10_10_5) AppleWebKit/537.36 (KHTML, like Gecko) Chrome/46.0.2490.80 Safari/537.36"/>
    </properties>
    <testcase name="allows a dashboard to execute update" time="0.053" classname="unit Chrome 46.0.2490 (Mac OS X 10.10.5).The Content List Component #"/>
    <testcase name="allows a dashboard to execute update" time="0.041" classname="unit Chrome 46.0.2490 (Mac OS X 10.10.5).The Dial Component #"/>
    <testcase name="allows a dashboard to execute update" time="0.03" classname="unit Chrome 46.0.2490 (Mac OS X 10.10.5).The Execute Prpt Component #"/>
    <testcase name="allows a dashboard to execute update" time="0.062" classname="unit Chrome 46.0.2490 (Mac OS X 10.10.5).The Execute Xaction Component #"/>
    <testcase name="allows a dashboard to execute update" time="0.067" classname="unit Chrome 46.0.2490 (Mac OS X 10.10.5).The JFreeChart Component #"/>
    <testcase name="allows a dashboard to execute update" time="0.068" classname="unit Chrome 46.0.2490 (Mac OS X 10.10.5).The Navigator Component #"/>
    <testcase name="allows a dashboard to execute update" time="0.054" classname="unit Chrome 46.0.2490 (Mac OS X 10.10.5).The Pentaho Reporting Component #"/>
    <testcase name="allows a dashboard to execute update" time="0.07" classname="unit Chrome 46.0.2490 (Mac OS X 10.10.5).The Open Flash Chart Component #"/>
    <testcase name="allows a dashboard to execute update" time="0.052" classname="unit Chrome 46.0.2490 (Mac OS X 10.10.5).The Pentaho Reporting Component #"/>
    <testcase name="setIframeUrl Called while updating" time="0.043" classname="unit Chrome 46.0.2490 (Mac OS X 10.10.5).The Pentaho Reporting Component #"/>
    <testcase name="verify returned value from getOptions" time="0.005" classname="unit Chrome 46.0.2490 (Mac OS X 10.10.5).The Pentaho Reporting Component #"/>
    <testcase name="verify returned value from getParams" time="0.006" classname="unit Chrome 46.0.2490 (Mac OS X 10.10.5).The Pentaho Reporting Component #"/>
    <testcase name="verify returned value from getReportOptions" time="0.001" classname="unit Chrome 46.0.2490 (Mac OS X 10.10.5).The Pentaho Reporting Component #"/>
    <testcase name="allows a dashboard to execute update" time="0.028" classname="unit Chrome 46.0.2490 (Mac OS X 10.10.5).The Schedule Pentaho Reporting Component #"/>
    <testcase name="properly creates job parameters" time="0.004" classname="unit Chrome 46.0.2490 (Mac OS X 10.10.5).The Schedule Pentaho Reporting Component #"/>
    <testcase name="allows a dashboard to execute update" time="0.051" classname="unit Chrome 46.0.2490 (Mac OS X 10.10.5).The Traffic Component #"/>
    <testcase name="executes CDA queries" time="0.043" classname="unit Chrome 46.0.2490 (Mac OS X 10.10.5).The Traffic Component #"/>
    <testcase name="executes XActions if trafficDefinition&apos;s path or dataAccessId is falsy" time="0.079" classname="unit Chrome 46.0.2490 (Mac OS X 10.10.5).The Traffic Component #"/>
    <testcase name="allows a dashboard to execute update" time="0.108" classname="unit Chrome 46.0.2490 (Mac OS X 10.10.5).The VisualizationAPI Component #"/>
    <testcase name="render called with CDA query data" time="0.008" classname="unit Chrome 46.0.2490 (Mac OS X 10.10.5).The VisualizationAPI Component #"/>
    <testcase name="Check all component functions" time="0.03" classname="unit Chrome 46.0.2490 (Mac OS X 10.10.5).The VisualizationAPI Component #"/>
    <testcase name="allows a dashboard to execute update" time="0.043" classname="unit Chrome 46.0.2490 (Mac OS X 10.10.5).The Xaction Component #"/>
    <testcase name="allows a dashboard to execute update" time="0.06" classname="unit Chrome 46.0.2490 (Mac OS X 10.10.5).The Table Component #"/>
    <system-out><![CDATA[Chrome 46.0.2490 (Mac OS X 10.10.5) LOG: 'JQMIGRATE: Logging is active'
,Chrome 46.0.2490 (Mac OS X 10.10.5) INFO: '[info] WD: Calling init method of module: Context'
,Chrome 46.0.2490 (Mac OS X 10.10.5) INFO: '[info] WD: Calling init method of module: Storage'
,Chrome 46.0.2490 (Mac OS X 10.10.5) INFO: '[info] WD: Calling init method of module: Views'
,Chrome 46.0.2490 (Mac OS X 10.10.5) INFO: '[info] WD: Calling init method of module: Parameters'
,Chrome 46.0.2490 (Mac OS X 10.10.5) INFO: '[info] WD: Calling init method of module: Bookmarkables'
,Chrome 46.0.2490 (Mac OS X 10.10.5) INFO: '[info] WD: Calling init method of module: I18n'
,Chrome 46.0.2490 (Mac OS X 10.10.5) INFO: '[info] WD: Calling init method of module: Components'
,Chrome 46.0.2490 (Mac OS X 10.10.5) INFO: '[info] WD: Calling init method of module: Lifecycle'
,Chrome 46.0.2490 (Mac OS X 10.10.5) INFO: '[info] WD: Calling init method of module: Notifications'
,Chrome 46.0.2490 (Mac OS X 10.10.5) INFO: '[info] WD: Calling init method of module: DataSources'
,Chrome 46.0.2490 (Mac OS X 10.10.5) INFO: '[info] WD: Calling init method of module: Query'
,Chrome 46.0.2490 (Mac OS X 10.10.5) INFO: '[info] WD: Calling init method of module: AddIns'
,Chrome 46.0.2490 (Mac OS X 10.10.5) INFO: '[info] WD: InitInstance 0'
,Chrome 46.0.2490 (Mac OS X 10.10.5) INFO: '[info] WD: +Running calls incremented to: 1'
,Chrome 46.0.2490 (Mac OS X 10.10.5) LOG: '%c[log] WD:           [Lifecycle >Start] Init[0] (Running: 1)', 'color: #ddd'
,Chrome 46.0.2490 (Mac OS X 10.10.5) INFO: '[info] WD: -Running calls decremented to: 0'
,Chrome 46.0.2490 (Mac OS X 10.10.5) LOG: '%c[log] WD:           [Lifecycle <End  ] Init[undefined] (Running: 0)', 'color: #ddd'
,Chrome 46.0.2490 (Mac OS X 10.10.5) INFO: '[info] WD: Calling init method of module: Context'
,Chrome 46.0.2490 (Mac OS X 10.10.5) INFO: '[info] WD: Calling init method of module: Storage'
,Chrome 46.0.2490 (Mac OS X 10.10.5) INFO: '[info] WD: Calling init method of module: Views'
,Chrome 46.0.2490 (Mac OS X 10.10.5) INFO: '[info] WD: Calling init method of module: Parameters'
,Chrome 46.0.2490 (Mac OS X 10.10.5) INFO: '[info] WD: Calling init method of module: Bookmarkables'
,Chrome 46.0.2490 (Mac OS X 10.10.5) INFO: '[info] WD: Calling init method of module: I18n'
,Chrome 46.0.2490 (Mac OS X 10.10.5) INFO: '[info] WD: Calling init method of module: Components'
,Chrome 46.0.2490 (Mac OS X 10.10.5) INFO: '[info] WD: Calling init method of module: Lifecycle'
,Chrome 46.0.2490 (Mac OS X 10.10.5) INFO: '[info] WD: Calling init method of module: Notifications'
,Chrome 46.0.2490 (Mac OS X 10.10.5) INFO: '[info] WD: Calling init method of module: DataSources'
,Chrome 46.0.2490 (Mac OS X 10.10.5) INFO: '[info] WD: Calling init method of module: Query'
,Chrome 46.0.2490 (Mac OS X 10.10.5) INFO: '[info] WD: Calling init method of module: AddIns'
,Chrome 46.0.2490 (Mac OS X 10.10.5) INFO: '[info] WD: InitInstance 0'
,Chrome 46.0.2490 (Mac OS X 10.10.5) INFO: '[info] WD: +Running calls incremented to: 1'
,Chrome 46.0.2490 (Mac OS X 10.10.5) LOG: '%c[log] WD:           [Lifecycle >Start] Init[0] (Running: 1)', 'color: #ddd'
,Chrome 46.0.2490 (Mac OS X 10.10.5) INFO: '[info] WD: -Running calls decremented to: 0'
,Chrome 46.0.2490 (Mac OS X 10.10.5) LOG: '%c[log] WD:           [Lifecycle <End  ] Init[undefined] (Running: 0)', 'color: #ddd'
,Chrome 46.0.2490 (Mac OS X 10.10.5) INFO: '[info] WD: Calling init method of module: Context'
,Chrome 46.0.2490 (Mac OS X 10.10.5) INFO: '[info] WD: Calling init method of module: Storage'
,Chrome 46.0.2490 (Mac OS X 10.10.5) INFO: '[info] WD: Calling init method of module: Views'
,Chrome 46.0.2490 (Mac OS X 10.10.5) INFO: '[info] WD: Calling init method of module: Parameters'
,Chrome 46.0.2490 (Mac OS X 10.10.5) INFO: '[info] WD: Calling init method of module: Bookmarkables'
,Chrome 46.0.2490 (Mac OS X 10.10.5) INFO: '[info] WD: Calling init method of module: I18n'
,Chrome 46.0.2490 (Mac OS X 10.10.5) INFO: '[info] WD: Calling init method of module: Components'
,Chrome 46.0.2490 (Mac OS X 10.10.5) INFO: '[info] WD: Calling init method of module: Lifecycle'
,Chrome 46.0.2490 (Mac OS X 10.10.5) INFO: '[info] WD: Calling init method of module: Notifications'
,Chrome 46.0.2490 (Mac OS X 10.10.5) INFO: '[info] WD: Calling init method of module: DataSources'
,Chrome 46.0.2490 (Mac OS X 10.10.5) INFO: '[info] WD: Calling init method of module: Query'
,Chrome 46.0.2490 (Mac OS X 10.10.5) INFO: '[info] WD: Calling init method of module: AddIns'
,Chrome 46.0.2490 (Mac OS X 10.10.5) INFO: '[info] WD: InitInstance 0'
,Chrome 46.0.2490 (Mac OS X 10.10.5) INFO: '[info] WD: +Running calls incremented to: 1'
,Chrome 46.0.2490 (Mac OS X 10.10.5) LOG: '%c[log] WD:           [Lifecycle >Start] Init[0] (Running: 1)', 'color: #ddd'
,Chrome 46.0.2490 (Mac OS X 10.10.5) INFO: '[info] WD: -Running calls decremented to: 0'
,Chrome 46.0.2490 (Mac OS X 10.10.5) LOG: '%c[log] WD:           [Lifecycle <End  ] Init[undefined] (Running: 0)', 'color: #ddd'
,Chrome 46.0.2490 (Mac OS X 10.10.5) INFO: '[info] WD: Calling init method of module: Context'
,Chrome 46.0.2490 (Mac OS X 10.10.5) INFO: '[info] WD: Calling init method of module: Storage'
,Chrome 46.0.2490 (Mac OS X 10.10.5) INFO: '[info] WD: Calling init method of module: Views'
,Chrome 46.0.2490 (Mac OS X 10.10.5) INFO: '[info] WD: Calling init method of module: Parameters'
,Chrome 46.0.2490 (Mac OS X 10.10.5) INFO: '[info] WD: Calling init method of module: Bookmarkables'
,Chrome 46.0.2490 (Mac OS X 10.10.5) INFO: '[info] WD: Calling init method of module: I18n'
,Chrome 46.0.2490 (Mac OS X 10.10.5) INFO: '[info] WD: Calling init method of module: Components'
,Chrome 46.0.2490 (Mac OS X 10.10.5) INFO: '[info] WD: Calling init method of module: Lifecycle'
,Chrome 46.0.2490 (Mac OS X 10.10.5) INFO: '[info] WD: Calling init method of module: Notifications'
,Chrome 46.0.2490 (Mac OS X 10.10.5) INFO: '[info] WD: Calling init method of module: DataSources'
,Chrome 46.0.2490 (Mac OS X 10.10.5) INFO: '[info] WD: Calling init method of module: Query'
,Chrome 46.0.2490 (Mac OS X 10.10.5) INFO: '[info] WD: Calling init method of module: AddIns'
,Chrome 46.0.2490 (Mac OS X 10.10.5) INFO: '[info] WD: InitInstance 0'
,Chrome 46.0.2490 (Mac OS X 10.10.5) INFO: '[info] WD: +Running calls incremented to: 1'
,Chrome 46.0.2490 (Mac OS X 10.10.5) LOG: '%c[log] WD:           [Lifecycle >Start] Init[0] (Running: 1)', 'color: #ddd'
,Chrome 46.0.2490 (Mac OS X 10.10.5) INFO: '[info] WD: -Running calls decremented to: 0'
,Chrome 46.0.2490 (Mac OS X 10.10.5) LOG: '%c[log] WD:           [Lifecycle <End  ] Init[undefined] (Running: 0)', 'color: #ddd'
,Chrome 46.0.2490 (Mac OS X 10.10.5) INFO: '[info] WD: Calling init method of module: Context'
,Chrome 46.0.2490 (Mac OS X 10.10.5) INFO: '[info] WD: Calling init method of module: Storage'
,Chrome 46.0.2490 (Mac OS X 10.10.5) INFO: '[info] WD: Calling init method of module: Views'
,Chrome 46.0.2490 (Mac OS X 10.10.5) INFO: '[info] WD: Calling init method of module: Parameters'
,Chrome 46.0.2490 (Mac OS X 10.10.5) INFO: '[info] WD: Calling init method of module: Bookmarkables'
,Chrome 46.0.2490 (Mac OS X 10.10.5) INFO: '[info] WD: Calling init method of module: I18n'
,Chrome 46.0.2490 (Mac OS X 10.10.5) INFO: '[info] WD: Calling init method of module: Components'
,Chrome 46.0.2490 (Mac OS X 10.10.5) INFO: '[info] WD: Calling init method of module: Lifecycle'
,Chrome 46.0.2490 (Mac OS X 10.10.5) INFO: '[info] WD: Calling init method of module: Notifications'
,Chrome 46.0.2490 (Mac OS X 10.10.5) INFO: '[info] WD: Calling init method of module: DataSources'
,Chrome 46.0.2490 (Mac OS X 10.10.5) INFO: '[info] WD: Calling init method of module: Query'
,Chrome 46.0.2490 (Mac OS X 10.10.5) INFO: '[info] WD: Calling init method of module: AddIns'
,Chrome 46.0.2490 (Mac OS X 10.10.5) INFO: '[info] WD: InitInstance 0'
,Chrome 46.0.2490 (Mac OS X 10.10.5) INFO: '[info] WD: +Running calls incremented to: 1'
,Chrome 46.0.2490 (Mac OS X 10.10.5) LOG: '%c[log] WD:           [Lifecycle >Start] Init[0] (Running: 1)', 'color: #ddd'
,Chrome 46.0.2490 (Mac OS X 10.10.5) INFO: '[info] WD: -Running calls decremented to: 0'
,Chrome 46.0.2490 (Mac OS X 10.10.5) LOG: '%c[log] WD:           [Lifecycle <End  ] Init[undefined] (Running: 0)', 'color: #ddd'
,Chrome 46.0.2490 (Mac OS X 10.10.5) INFO: '[info] WD: Calling init method of module: Context'
,Chrome 46.0.2490 (Mac OS X 10.10.5) INFO: '[info] WD: Calling init method of module: Storage'
,Chrome 46.0.2490 (Mac OS X 10.10.5) INFO: '[info] WD: Calling init method of module: Views'
,Chrome 46.0.2490 (Mac OS X 10.10.5) INFO: '[info] WD: Calling init method of module: Parameters'
,Chrome 46.0.2490 (Mac OS X 10.10.5) INFO: '[info] WD: Calling init method of module: Bookmarkables'
,Chrome 46.0.2490 (Mac OS X 10.10.5) INFO: '[info] WD: Calling init method of module: I18n'
,Chrome 46.0.2490 (Mac OS X 10.10.5) INFO: '[info] WD: Calling init method of module: Components'
,Chrome 46.0.2490 (Mac OS X 10.10.5) INFO: '[info] WD: Calling init method of module: Lifecycle'
,Chrome 46.0.2490 (Mac OS X 10.10.5) INFO: '[info] WD: Calling init method of module: Notifications'
,Chrome 46.0.2490 (Mac OS X 10.10.5) INFO: '[info] WD: Calling init method of module: DataSources'
,Chrome 46.0.2490 (Mac OS X 10.10.5) INFO: '[info] WD: Calling init method of module: Query'
,Chrome 46.0.2490 (Mac OS X 10.10.5) INFO: '[info] WD: Calling init method of module: AddIns'
,Chrome 46.0.2490 (Mac OS X 10.10.5) INFO: '[info] WD: InitInstance 0'
,Chrome 46.0.2490 (Mac OS X 10.10.5) INFO: '[info] WD: +Running calls incremented to: 1'
,Chrome 46.0.2490 (Mac OS X 10.10.5) LOG: '%c[log] WD:           [Lifecycle >Start] Init[0] (Running: 1)', 'color: #ddd'
,Chrome 46.0.2490 (Mac OS X 10.10.5) INFO: '[info] WD: -Running calls decremented to: 0'
,Chrome 46.0.2490 (Mac OS X 10.10.5) LOG: '%c[log] WD:           [Lifecycle <End  ] Init[undefined] (Running: 0)', 'color: #ddd'
,Chrome 46.0.2490 (Mac OS X 10.10.5) INFO: '[info] WD: Calling init method of module: Context'
,Chrome 46.0.2490 (Mac OS X 10.10.5) INFO: '[info] WD: Calling init method of module: Storage'
,Chrome 46.0.2490 (Mac OS X 10.10.5) INFO: '[info] WD: Calling init method of module: Views'
,Chrome 46.0.2490 (Mac OS X 10.10.5) INFO: '[info] WD: Calling init method of module: Parameters'
,Chrome 46.0.2490 (Mac OS X 10.10.5) INFO: '[info] WD: Calling init method of module: Bookmarkables'
,Chrome 46.0.2490 (Mac OS X 10.10.5) INFO: '[info] WD: Calling init method of module: I18n'
,Chrome 46.0.2490 (Mac OS X 10.10.5) INFO: '[info] WD: Calling init method of module: Components'
,Chrome 46.0.2490 (Mac OS X 10.10.5) INFO: '[info] WD: Calling init method of module: Lifecycle'
,Chrome 46.0.2490 (Mac OS X 10.10.5) INFO: '[info] WD: Calling init method of module: Notifications'
,Chrome 46.0.2490 (Mac OS X 10.10.5) INFO: '[info] WD: Calling init method of module: DataSources'
,Chrome 46.0.2490 (Mac OS X 10.10.5) INFO: '[info] WD: Calling init method of module: Query'
,Chrome 46.0.2490 (Mac OS X 10.10.5) INFO: '[info] WD: Calling init method of module: AddIns'
,Chrome 46.0.2490 (Mac OS X 10.10.5) INFO: '[info] WD: InitInstance 0'
,Chrome 46.0.2490 (Mac OS X 10.10.5) INFO: '[info] WD: +Running calls incremented to: 1'
,Chrome 46.0.2490 (Mac OS X 10.10.5) LOG: '%c[log] WD:           [Lifecycle >Start] Init[0] (Running: 1)', 'color: #ddd'
,Chrome 46.0.2490 (Mac OS X 10.10.5) INFO: '[info] WD: -Running calls decremented to: 0'
,Chrome 46.0.2490 (Mac OS X 10.10.5) LOG: '%c[log] WD:           [Lifecycle <End  ] Init[undefined] (Running: 0)', 'color: #ddd'
,Chrome 46.0.2490 (Mac OS X 10.10.5) INFO: '[info] WD: Calling init method of module: Context'
,Chrome 46.0.2490 (Mac OS X 10.10.5) INFO: '[info] WD: Calling init method of module: Storage'
,Chrome 46.0.2490 (Mac OS X 10.10.5) INFO: '[info] WD: Calling init method of module: Views'
,Chrome 46.0.2490 (Mac OS X 10.10.5) INFO: '[info] WD: Calling init method of module: Parameters'
,Chrome 46.0.2490 (Mac OS X 10.10.5) INFO: '[info] WD: Calling init method of module: Bookmarkables'
,Chrome 46.0.2490 (Mac OS X 10.10.5) INFO: '[info] WD: Calling init method of module: I18n'
,Chrome 46.0.2490 (Mac OS X 10.10.5) INFO: '[info] WD: Calling init method of module: Components'
,Chrome 46.0.2490 (Mac OS X 10.10.5) INFO: '[info] WD: Calling init method of module: Lifecycle'
,Chrome 46.0.2490 (Mac OS X 10.10.5) INFO: '[info] WD: Calling init method of module: Notifications'
,Chrome 46.0.2490 (Mac OS X 10.10.5) INFO: '[info] WD: Calling init method of module: DataSources'
,Chrome 46.0.2490 (Mac OS X 10.10.5) INFO: '[info] WD: Calling init method of module: Query'
,Chrome 46.0.2490 (Mac OS X 10.10.5) INFO: '[info] WD: Calling init method of module: AddIns'
,Chrome 46.0.2490 (Mac OS X 10.10.5) INFO: '[info] WD: InitInstance 0'
,Chrome 46.0.2490 (Mac OS X 10.10.5) INFO: '[info] WD: +Running calls incremented to: 1'
,Chrome 46.0.2490 (Mac OS X 10.10.5) LOG: '%c[log] WD:           [Lifecycle >Start] Init[0] (Running: 1)', 'color: #ddd'
,Chrome 46.0.2490 (Mac OS X 10.10.5) INFO: '[info] WD: -Running calls decremented to: 0'
,Chrome 46.0.2490 (Mac OS X 10.10.5) LOG: '%c[log] WD:           [Lifecycle <End  ] Init[undefined] (Running: 0)', 'color: #ddd'
,Chrome 46.0.2490 (Mac OS X 10.10.5) INFO: '[info] WD: Calling init method of module: Context'
,Chrome 46.0.2490 (Mac OS X 10.10.5) INFO: '[info] WD: Calling init method of module: Storage'
,Chrome 46.0.2490 (Mac OS X 10.10.5) INFO: '[info] WD: Calling init method of module: Views'
,Chrome 46.0.2490 (Mac OS X 10.10.5) INFO: '[info] WD: Calling init method of module: Parameters'
,Chrome 46.0.2490 (Mac OS X 10.10.5) INFO: '[info] WD: Calling init method of module: Bookmarkables'
,Chrome 46.0.2490 (Mac OS X 10.10.5) INFO: '[info] WD: Calling init method of module: I18n'
,Chrome 46.0.2490 (Mac OS X 10.10.5) INFO: '[info] WD: Calling init method of module: Components'
,Chrome 46.0.2490 (Mac OS X 10.10.5) INFO: '[info] WD: Calling init method of module: Lifecycle'
,Chrome 46.0.2490 (Mac OS X 10.10.5) INFO: '[info] WD: Calling init method of module: Notifications'
,Chrome 46.0.2490 (Mac OS X 10.10.5) INFO: '[info] WD: Calling init method of module: DataSources'
,Chrome 46.0.2490 (Mac OS X 10.10.5) INFO: '[info] WD: Calling init method of module: Query'
,Chrome 46.0.2490 (Mac OS X 10.10.5) INFO: '[info] WD: Calling init method of module: AddIns'
,Chrome 46.0.2490 (Mac OS X 10.10.5) INFO: '[info] WD: Calling init method of module: Context'
,Chrome 46.0.2490 (Mac OS X 10.10.5) INFO: '[info] WD: Calling init method of module: Storage'
,Chrome 46.0.2490 (Mac OS X 10.10.5) INFO: '[info] WD: Calling init method of module: Views'
,Chrome 46.0.2490 (Mac OS X 10.10.5) INFO: '[info] WD: Calling init method of module: Parameters'
,Chrome 46.0.2490 (Mac OS X 10.10.5) INFO: '[info] WD: Calling init method of module: Bookmarkables'
,Chrome 46.0.2490 (Mac OS X 10.10.5) INFO: '[info] WD: Calling init method of module: I18n'
,Chrome 46.0.2490 (Mac OS X 10.10.5) INFO: '[info] WD: Calling init method of module: Components'
,Chrome 46.0.2490 (Mac OS X 10.10.5) INFO: '[info] WD: Calling init method of module: Lifecycle'
,Chrome 46.0.2490 (Mac OS X 10.10.5) INFO: '[info] WD: Calling init method of module: Notifications'
,Chrome 46.0.2490 (Mac OS X 10.10.5) INFO: '[info] WD: Calling init method of module: DataSources'
,Chrome 46.0.2490 (Mac OS X 10.10.5) INFO: '[info] WD: Calling init method of module: Query'
,Chrome 46.0.2490 (Mac OS X 10.10.5) INFO: '[info] WD: Calling init method of module: AddIns'
,Chrome 46.0.2490 (Mac OS X 10.10.5) INFO: '[info] WD: InitInstance 0'
,Chrome 46.0.2490 (Mac OS X 10.10.5) INFO: '[info] WD: +Running calls incremented to: 1'
,Chrome 46.0.2490 (Mac OS X 10.10.5) LOG: '%c[log] WD:           [Lifecycle >Start] Init[0] (Running: 1)', 'color: #ddd'
,Chrome 46.0.2490 (Mac OS X 10.10.5) INFO: '[info] WD: -Running calls decremented to: 0'
,Chrome 46.0.2490 (Mac OS X 10.10.5) LOG: '%c[log] WD:           [Lifecycle <End  ] Init[undefined] (Running: 0)', 'color: #ddd'
,Chrome 46.0.2490 (Mac OS X 10.10.5) INFO: '[info] WD: Calling init method of module: Context'
,Chrome 46.0.2490 (Mac OS X 10.10.5) INFO: '[info] WD: Calling init method of module: Storage'
,Chrome 46.0.2490 (Mac OS X 10.10.5) INFO: '[info] WD: Calling init method of module: Views'
,Chrome 46.0.2490 (Mac OS X 10.10.5) INFO: '[info] WD: Calling init method of module: Parameters'
,Chrome 46.0.2490 (Mac OS X 10.10.5) INFO: '[info] WD: Calling init method of module: Bookmarkables'
,Chrome 46.0.2490 (Mac OS X 10.10.5) INFO: '[info] WD: Calling init method of module: I18n'
,Chrome 46.0.2490 (Mac OS X 10.10.5) INFO: '[info] WD: Calling init method of module: Components'
,Chrome 46.0.2490 (Mac OS X 10.10.5) INFO: '[info] WD: Calling init method of module: Lifecycle'
,Chrome 46.0.2490 (Mac OS X 10.10.5) INFO: '[info] WD: Calling init method of module: Notifications'
,Chrome 46.0.2490 (Mac OS X 10.10.5) INFO: '[info] WD: Calling init method of module: DataSources'
,Chrome 46.0.2490 (Mac OS X 10.10.5) INFO: '[info] WD: Calling init method of module: Query'
,Chrome 46.0.2490 (Mac OS X 10.10.5) INFO: '[info] WD: Calling init method of module: AddIns'
,Chrome 46.0.2490 (Mac OS X 10.10.5) INFO: '[info] WD: InitInstance 0'
,Chrome 46.0.2490 (Mac OS X 10.10.5) INFO: '[info] WD: +Running calls incremented to: 1'
,Chrome 46.0.2490 (Mac OS X 10.10.5) LOG: '%c[log] WD:           [Lifecycle >Start] Init[0] (Running: 1)', 'color: #ddd'
,Chrome 46.0.2490 (Mac OS X 10.10.5) INFO: '[info] WD: -Running calls decremented to: 0'
,Chrome 46.0.2490 (Mac OS X 10.10.5) LOG: '%c[log] WD:           [Lifecycle <End  ] Init[undefined] (Running: 0)', 'color: #ddd'
,Chrome 46.0.2490 (Mac OS X 10.10.5) INFO: '[info] WD: Calling init method of module: Context'
,Chrome 46.0.2490 (Mac OS X 10.10.5) INFO: '[info] WD: Calling init method of module: Storage'
,Chrome 46.0.2490 (Mac OS X 10.10.5) INFO: '[info] WD: Calling init method of module: Views'
,Chrome 46.0.2490 (Mac OS X 10.10.5) INFO: '[info] WD: Calling init method of module: Parameters'
,Chrome 46.0.2490 (Mac OS X 10.10.5) INFO: '[info] WD: Calling init method of module: Bookmarkables'
,Chrome 46.0.2490 (Mac OS X 10.10.5) INFO: '[info] WD: Calling init method of module: I18n'
,Chrome 46.0.2490 (Mac OS X 10.10.5) INFO: '[info] WD: Calling init method of module: Components'
,Chrome 46.0.2490 (Mac OS X 10.10.5) INFO: '[info] WD: Calling init method of module: Lifecycle'
,Chrome 46.0.2490 (Mac OS X 10.10.5) INFO: '[info] WD: Calling init method of module: Notifications'
,Chrome 46.0.2490 (Mac OS X 10.10.5) INFO: '[info] WD: Calling init method of module: DataSources'
,Chrome 46.0.2490 (Mac OS X 10.10.5) INFO: '[info] WD: Calling init method of module: Query'
,Chrome 46.0.2490 (Mac OS X 10.10.5) INFO: '[info] WD: Calling init method of module: AddIns'
,Chrome 46.0.2490 (Mac OS X 10.10.5) INFO: '[info] WD: InitInstance 0'
,Chrome 46.0.2490 (Mac OS X 10.10.5) INFO: '[info] WD: +Running calls incremented to: 1'
,Chrome 46.0.2490 (Mac OS X 10.10.5) LOG: '%c[log] WD:           [Lifecycle >Start] Init[0] (Running: 1)', 'color: #ddd'
,Chrome 46.0.2490 (Mac OS X 10.10.5) INFO: '[info] WD: -Running calls decremented to: 0'
,Chrome 46.0.2490 (Mac OS X 10.10.5) LOG: '%c[log] WD:           [Lifecycle <End  ] Init[undefined] (Running: 0)', 'color: #ddd'
,Chrome 46.0.2490 (Mac OS X 10.10.5) INFO: '[info] WD: Calling init method of module: Context'
,Chrome 46.0.2490 (Mac OS X 10.10.5) INFO: '[info] WD: Calling init method of module: Storage'
,Chrome 46.0.2490 (Mac OS X 10.10.5) INFO: '[info] WD: Calling init method of module: Views'
,Chrome 46.0.2490 (Mac OS X 10.10.5) INFO: '[info] WD: Calling init method of module: Parameters'
,Chrome 46.0.2490 (Mac OS X 10.10.5) INFO: '[info] WD: Calling init method of module: Bookmarkables'
,Chrome 46.0.2490 (Mac OS X 10.10.5) INFO: '[info] WD: Calling init method of module: I18n'
,Chrome 46.0.2490 (Mac OS X 10.10.5) INFO: '[info] WD: Calling init method of module: Components'
,Chrome 46.0.2490 (Mac OS X 10.10.5) INFO: '[info] WD: Calling init method of module: Lifecycle'
,Chrome 46.0.2490 (Mac OS X 10.10.5) INFO: '[info] WD: Calling init method of module: Notifications'
,Chrome 46.0.2490 (Mac OS X 10.10.5) INFO: '[info] WD: Calling init method of module: DataSources'
,Chrome 46.0.2490 (Mac OS X 10.10.5) INFO: '[info] WD: Calling init method of module: Query'
,Chrome 46.0.2490 (Mac OS X 10.10.5) INFO: '[info] WD: Calling init method of module: AddIns'
,Chrome 46.0.2490 (Mac OS X 10.10.5) INFO: '[info] WD: InitInstance 0'
,Chrome 46.0.2490 (Mac OS X 10.10.5) INFO: '[info] WD: +Running calls incremented to: 1'
,Chrome 46.0.2490 (Mac OS X 10.10.5) LOG: '%c[log] WD:           [Lifecycle >Start] Init[0] (Running: 1)', 'color: #ddd'
,Chrome 46.0.2490 (Mac OS X 10.10.5) INFO: '[info] WD: -Running calls decremented to: 0'
,Chrome 46.0.2490 (Mac OS X 10.10.5) LOG: '%c[log] WD:           [Lifecycle <End  ] Init[undefined] (Running: 0)', 'color: #ddd'
,Chrome 46.0.2490 (Mac OS X 10.10.5) INFO: '[info] WD: +Running calls incremented to: 1'
,Chrome 46.0.2490 (Mac OS X 10.10.5) LOG: '%c[log] WD:           [Lifecycle >Start] folderContentComponent [contentList] (P: undefined ): preExecution Timing: 0ms since start, 0ms since last event (Running: 1)', 'color: rgb(184,183,186)'
,Chrome 46.0.2490 (Mac OS X 10.10.5) INFO: '[info] WD: -Running calls decremented to: 0'
,Chrome 46.0.2490 (Mac OS X 10.10.5) LOG: '%c[log] WD:           [Lifecycle <End  ] folderContentComponent [contentList] (P: undefined ): postExecution Timing: 27ms since start, 27ms since last event (Running: 0)', 'color: rgb(184,183,186)'
,Chrome 46.0.2490 (Mac OS X 10.10.5) INFO: '[info] WD: +Running calls incremented to: 1'
,Chrome 46.0.2490 (Mac OS X 10.10.5) LOG: '%c[log] WD:           [Lifecycle >Start] dialComponent [dialComponent] (P: undefined ): preExecution Timing: 0ms since start, 0ms since last event (Running: 1)', 'color: rgb(179,84,146)'
,Chrome 46.0.2490 (Mac OS X 10.10.5) INFO: '[info] WD: +Running calls incremented to: 2'
,Chrome 46.0.2490 (Mac OS X 10.10.5) INFO: '[info] WD: -Running calls decremented to: 1'
,Chrome 46.0.2490 (Mac OS X 10.10.5) LOG: '%c[log] WD:           [Lifecycle <End  ] dialComponent [dialComponent] (P: undefined ): postExecution Timing: 9ms since start, 9ms since last event (Running: 1)', 'color: rgb(179,84,146)'
,Chrome 46.0.2490 (Mac OS X 10.10.5) INFO: '[info] WD: +Running calls incremented to: 1'
,Chrome 46.0.2490 (Mac OS X 10.10.5) LOG: '%c[log] WD:           [Lifecycle >Start] executeTopTenCustomers [executePrpt] (P: undefined ): preExecution Timing: 0ms since start, 0ms since last event (Running: 1)', 'color: rgb(83,187,193)'
,Chrome 46.0.2490 (Mac OS X 10.10.5) INFO: '[info] WD: -Running calls decremented to: 0'
,Chrome 46.0.2490 (Mac OS X 10.10.5) LOG: '%c[log] WD:           [Lifecycle <End  ] executeTopTenCustomers [executePrpt] (P: undefined ): postExecution Timing: 5ms since start, 5ms since last event (Running: 0)', 'color: rgb(83,187,193)'
,Chrome 46.0.2490 (Mac OS X 10.10.5) INFO: '[info] WD: +Running calls incremented to: 1'
,Chrome 46.0.2490 (Mac OS X 10.10.5) LOG: '%c[log] WD:           [Lifecycle >Start] executeTopTenCustomers [executeXaction] (P: undefined ): preExecution Timing: 0ms since start, 0ms since last event (Running: 1)', 'color: rgb(83,187,193)'
,Chrome 46.0.2490 (Mac OS X 10.10.5) INFO: '[info] WD: -Running calls decremented to: 0'
,Chrome 46.0.2490 (Mac OS X 10.10.5) LOG: '%c[log] WD:           [Lifecycle <End  ] executeTopTenCustomers [executeXaction] (P: undefined ): postExecution Timing: 10ms since start, 10ms since last event (Running: 0)', 'color: rgb(83,187,193)'
,Chrome 46.0.2490 (Mac OS X 10.10.5) INFO: '[info] WD: +Running calls incremented to: 1'
,Chrome 46.0.2490 (Mac OS X 10.10.5) LOG: '%c[log] WD:           [Lifecycle >Start] topTenCustomers [jFreeChartComponent] (P: undefined ): preExecution Timing: 0ms since start, 0ms since last event (Running: 1)', 'color: rgb(173,156,158)'
,Chrome 46.0.2490 (Mac OS X 10.10.5) INFO: '[info] WD: +Running calls incremented to: 2'
,Chrome 46.0.2490 (Mac OS X 10.10.5) INFO: '[info] WD: -Running calls decremented to: 1'
,Chrome 46.0.2490 (Mac OS X 10.10.5) LOG: '%c[log] WD:           [Lifecycle <End  ] topTenCustomers [jFreeChartComponent] (P: undefined ): postExecution Timing: 16ms since start, 16ms since last event (Running: 1)', 'color: rgb(173,156,158)'
,Chrome 46.0.2490 (Mac OS X 10.10.5) INFO: '[info] WD: +Running calls incremented to: 1'
,Chrome 46.0.2490 (Mac OS X 10.10.5) LOG: '%c[log] WD:           [Lifecycle >Start] navigatorMenu [navigator] (P: undefined ): preExecution Timing: 0ms since start, 0ms since last event (Running: 1)', 'color: rgb(175,157,158)'
,Chrome 46.0.2490 (Mac OS X 10.10.5) INFO: '[info] WD: -Running calls decremented to: 0'
,Chrome 46.0.2490 (Mac OS X 10.10.5) LOG: '%c[log] WD:           [Lifecycle <End  ] navigatorMenu [navigator] (P: undefined ): postExecution Timing: 29ms since start, 29ms since last event (Running: 0)', 'color: rgb(175,157,158)'
,Chrome 46.0.2490 (Mac OS X 10.10.5) INFO: '[info] WD: +Running calls incremented to: 1'
,Chrome 46.0.2490 (Mac OS X 10.10.5) LOG: '%c[log] WD:           [Lifecycle >Start] pageTitle [pageTitle] (P: undefined ): preExecution Timing: 0ms since start, 0ms since last event (Running: 1)', 'color: rgb(104,138,118)'
,Chrome 46.0.2490 (Mac OS X 10.10.5) INFO: '[info] WD: -Running calls decremented to: 0'
,Chrome 46.0.2490 (Mac OS X 10.10.5) LOG: '%c[log] WD:           [Lifecycle <End  ] pageTitle [pageTitle] (P: undefined ): postExecution Timing: 18ms since start, 18ms since last event (Running: 0)', 'color: rgb(104,138,118)'
,Chrome 46.0.2490 (Mac OS X 10.10.5) INFO: '[info] WD: +Running calls incremented to: 1'
,Chrome 46.0.2490 (Mac OS X 10.10.5) LOG: '%c[log] WD:           [Lifecycle >Start] openFlashChartComponent [openFlashChartComponent] (P: undefined ): preExecution Timing: 0ms since start, 0ms since last event (Running: 1)', 'color: rgb(186,186,188)'
,Chrome 46.0.2490 (Mac OS X 10.10.5) INFO: '[info] WD: +Running calls incremented to: 2'
,Chrome 46.0.2490 (Mac OS X 10.10.5) INFO: '[info] WD: -Running calls decremented to: 1'
,Chrome 46.0.2490 (Mac OS X 10.10.5) LOG: '%c[log] WD:           [Lifecycle <End  ] openFlashChartComponent [openFlashChartComponent] (P: undefined ): postExecution Timing: 8ms since start, 8ms since last event (Running: 1)', 'color: rgb(186,186,188)'
,Chrome 46.0.2490 (Mac OS X 10.10.5) INFO: '[info] WD: +Running calls incremented to: 1'
,Chrome 46.0.2490 (Mac OS X 10.10.5) LOG: '%c[log] WD:           [Lifecycle >Start] prptComponent [prptComponent] (P: undefined ): preExecution Timing: 0ms since start, 0ms since last event (Running: 1)', 'color: rgb(123,144,170)'
,Chrome 46.0.2490 (Mac OS X 10.10.5) INFO: '[info] WD: +Running calls incremented to: 2'
,Chrome 46.0.2490 (Mac OS X 10.10.5) INFO: '[info] WD: -Running calls decremented to: 1'
,Chrome 46.0.2490 (Mac OS X 10.10.5) LOG: '%c[log] WD:           [Lifecycle <End  ] prptComponent [prptComponent] (P: undefined ): postExecution Timing: 23ms since start, 23ms since last event (Running: 1)', 'color: rgb(123,144,170)'
,Chrome 46.0.2490 (Mac OS X 10.10.5) INFO: '[info] WD: +Running calls incremented to: 2'
,Chrome 46.0.2490 (Mac OS X 10.10.5) LOG: '%c[log] WD:           [Lifecycle >Start] prptComponent [prptComponent] (P: undefined ): preExecution Timing: 24ms since start, 24ms since last event (Running: 2)', 'color: rgb(123,144,170)'
,Chrome 46.0.2490 (Mac OS X 10.10.5) INFO: '[info] WD: -Running calls decremented to: 1'
,Chrome 46.0.2490 (Mac OS X 10.10.5) LOG: '%c[log] WD:           [Lifecycle <End  ] prptComponent [prptComponent] (P: undefined ): postExecution Timing: 40ms since start, 40ms since last event (Running: 1)', 'color: rgb(123,144,170)'
,Chrome 46.0.2490 (Mac OS X 10.10.5) INFO: '[info] WD: +Running calls incremented to: 1'
,Chrome 46.0.2490 (Mac OS X 10.10.5) LOG: '%c[log] WD:           [Lifecycle >Start] schedulePrpt [schedulePrpt] (P: undefined ): preExecution Timing: 1ms since start, 1ms since last event (Running: 1)', 'color: rgb(145,138,135)'
,Chrome 46.0.2490 (Mac OS X 10.10.5) INFO: '[info] WD: -Running calls decremented to: 0'
,Chrome 46.0.2490 (Mac OS X 10.10.5) INFO: '[info] WD: Calling init method of module: Context'
,Chrome 46.0.2490 (Mac OS X 10.10.5) INFO: '[info] WD: Calling init method of module: Storage'
,Chrome 46.0.2490 (Mac OS X 10.10.5) INFO: '[info] WD: Calling init method of module: Views'
,Chrome 46.0.2490 (Mac OS X 10.10.5) INFO: '[info] WD: Calling init method of module: Parameters'
,Chrome 46.0.2490 (Mac OS X 10.10.5) INFO: '[info] WD: Calling init method of module: Bookmarkables'
,Chrome 46.0.2490 (Mac OS X 10.10.5) INFO: '[info] WD: Calling init method of module: I18n'
,Chrome 46.0.2490 (Mac OS X 10.10.5) INFO: '[info] WD: Calling init method of module: Components'
,Chrome 46.0.2490 (Mac OS X 10.10.5) INFO: '[info] WD: Calling init method of module: Lifecycle'
,Chrome 46.0.2490 (Mac OS X 10.10.5) INFO: '[info] WD: Calling init method of module: Notifications'
,Chrome 46.0.2490 (Mac OS X 10.10.5) INFO: '[info] WD: Calling init method of module: DataSources'
,Chrome 46.0.2490 (Mac OS X 10.10.5) INFO: '[info] WD: Calling init method of module: Query'
,Chrome 46.0.2490 (Mac OS X 10.10.5) INFO: '[info] WD: Calling init method of module: AddIns'
,Chrome 46.0.2490 (Mac OS X 10.10.5) INFO: '[info] WD: InitInstance 0'
,Chrome 46.0.2490 (Mac OS X 10.10.5) INFO: '[info] WD: +Running calls incremented to: 1'
,Chrome 46.0.2490 (Mac OS X 10.10.5) LOG: '%c[log] WD:           [Lifecycle >Start] Init[0] (Running: 1)', 'color: #ddd'
,Chrome 46.0.2490 (Mac OS X 10.10.5) INFO: '[info] WD: -Running calls decremented to: 0'
,Chrome 46.0.2490 (Mac OS X 10.10.5) LOG: '%c[log] WD:           [Lifecycle <End  ] Init[undefined] (Running: 0)', 'color: #ddd'
,Chrome 46.0.2490 (Mac OS X 10.10.5) LOG: '%c[log] WD:           [Lifecycle <End  ] schedulePrpt [schedulePrpt] (P: undefined ): postExecution Timing: 33ms since start, 33ms since last event (Running: 0)', 'color: rgb(145,138,135)'
,Chrome 46.0.2490 (Mac OS X 10.10.5) LOG: '%c[log] WD:           [Lifecycle >Start] trafficComponentCDA [trafficComponent] (P: undefined ): preExecution Timing: 0ms since start, 0ms since last event (Running: 0)', 'color: rgb(183,51,59)'
,Chrome 46.0.2490 (Mac OS X 10.10.5) INFO: '[info] WD: +Running calls incremented to: 1'
,Chrome 46.0.2490 (Mac OS X 10.10.5) INFO: '[info] WD: Calling init method of module: Context'
,Chrome 46.0.2490 (Mac OS X 10.10.5) INFO: '[info] WD: Calling init method of module: Storage'
,Chrome 46.0.2490 (Mac OS X 10.10.5) INFO: '[info] WD: Calling init method of module: Views'
,Chrome 46.0.2490 (Mac OS X 10.10.5) INFO: '[info] WD: Calling init method of module: Parameters'
,Chrome 46.0.2490 (Mac OS X 10.10.5) INFO: '[info] WD: Calling init method of module: Bookmarkables'
,Chrome 46.0.2490 (Mac OS X 10.10.5) INFO: '[info] WD: Calling init method of module: I18n'
,Chrome 46.0.2490 (Mac OS X 10.10.5) INFO: '[info] WD: Calling init method of module: Components'
,Chrome 46.0.2490 (Mac OS X 10.10.5) INFO: '[info] WD: Calling init method of module: Lifecycle'
,Chrome 46.0.2490 (Mac OS X 10.10.5) INFO: '[info] WD: Calling init method of module: Notifications'
,Chrome 46.0.2490 (Mac OS X 10.10.5) INFO: '[info] WD: Calling init method of module: DataSources'
,Chrome 46.0.2490 (Mac OS X 10.10.5) INFO: '[info] WD: Calling init method of module: Query'
,Chrome 46.0.2490 (Mac OS X 10.10.5) INFO: '[info] WD: Calling init method of module: AddIns'
,Chrome 46.0.2490 (Mac OS X 10.10.5) INFO: '[info] WD: InitInstance 0'
,Chrome 46.0.2490 (Mac OS X 10.10.5) INFO: '[info] WD: +Running calls incremented to: 1'
,Chrome 46.0.2490 (Mac OS X 10.10.5) LOG: '%c[log] WD:           [Lifecycle >Start] Init[0] (Running: 1)', 'color: #ddd'
,Chrome 46.0.2490 (Mac OS X 10.10.5) INFO: '[info] WD: -Running calls decremented to: 0'
,Chrome 46.0.2490 (Mac OS X 10.10.5) LOG: '%c[log] WD:           [Lifecycle <End  ] Init[undefined] (Running: 0)', 'color: #ddd'
,Chrome 46.0.2490 (Mac OS X 10.10.5) LOG: '%c[log] WD:           [Lifecycle <End  ] trafficComponentCDA [trafficComponent] (P: undefined ): postExecution Timing: 33ms since start, 33ms since last event (Running: 1)', 'color: rgb(183,51,59)'
,Chrome 46.0.2490 (Mac OS X 10.10.5) INFO: '[info] WD: -Running calls decremented to: 0'
,Chrome 46.0.2490 (Mac OS X 10.10.5) LOG: '%c[log] WD:           [Lifecycle >Start] trafficComponentCDA [trafficComponent] (P: undefined ): preExecution Timing: 0ms since start, 0ms since last event (Running: 0)', 'color: rgb(183,51,59)'
,Chrome 46.0.2490 (Mac OS X 10.10.5) INFO: '[info] WD: +Running calls incremented to: 1'
,Chrome 46.0.2490 (Mac OS X 10.10.5) INFO: '[info] WD: Calling init method of module: Context'
,Chrome 46.0.2490 (Mac OS X 10.10.5) INFO: '[info] WD: Calling init method of module: Storage'
,Chrome 46.0.2490 (Mac OS X 10.10.5) INFO: '[info] WD: Calling init method of module: Views'
,Chrome 46.0.2490 (Mac OS X 10.10.5) INFO: '[info] WD: Calling init method of module: Parameters'
,Chrome 46.0.2490 (Mac OS X 10.10.5) INFO: '[info] WD: Calling init method of module: Bookmarkables'
,Chrome 46.0.2490 (Mac OS X 10.10.5) INFO: '[info] WD: Calling init method of module: I18n'
,Chrome 46.0.2490 (Mac OS X 10.10.5) INFO: '[info] WD: Calling init method of module: Components'
,Chrome 46.0.2490 (Mac OS X 10.10.5) INFO: '[info] WD: Calling init method of module: Lifecycle'
,Chrome 46.0.2490 (Mac OS X 10.10.5) INFO: '[info] WD: Calling init method of module: Notifications'
,Chrome 46.0.2490 (Mac OS X 10.10.5) INFO: '[info] WD: Calling init method of module: DataSources'
,Chrome 46.0.2490 (Mac OS X 10.10.5) INFO: '[info] WD: Calling init method of module: Query'
,Chrome 46.0.2490 (Mac OS X 10.10.5) INFO: '[info] WD: Calling init method of module: AddIns'
,Chrome 46.0.2490 (Mac OS X 10.10.5) INFO: '[info] WD: InitInstance 0'
,Chrome 46.0.2490 (Mac OS X 10.10.5) INFO: '[info] WD: +Running calls incremented to: 1'
,Chrome 46.0.2490 (Mac OS X 10.10.5) LOG: '%c[log] WD:           [Lifecycle >Start] Init[0] (Running: 1)', 'color: #ddd'
,Chrome 46.0.2490 (Mac OS X 10.10.5) INFO: '[info] WD: -Running calls decremented to: 0'
,Chrome 46.0.2490 (Mac OS X 10.10.5) LOG: '%c[log] WD:           [Lifecycle <End  ] Init[undefined] (Running: 0)', 'color: #ddd'
,Chrome 46.0.2490 (Mac OS X 10.10.5) LOG: '%c[log] WD:           [Lifecycle <End  ] trafficComponentCDA [trafficComponent] (P: undefined ): postExecution Timing: 34ms since start, 34ms since last event (Running: 1)', 'color: rgb(183,51,59)'
,Chrome 46.0.2490 (Mac OS X 10.10.5) INFO: '[info] WD: -Running calls decremented to: 0'
,Chrome 46.0.2490 (Mac OS X 10.10.5) LOG: '%c[log] WD:           [Lifecycle >Start] trafficComponentCDA [trafficComponent] (P: undefined ): preExecution Timing: 0ms since start, 0ms since last event (Running: 0)', 'color: rgb(183,51,59)'
,Chrome 46.0.2490 (Mac OS X 10.10.5) INFO: '[info] WD: +Running calls incremented to: 1'
,Chrome 46.0.2490 (Mac OS X 10.10.5) LOG: '%c[log] WD:           [Lifecycle <End  ] trafficComponentCDA [trafficComponent] (P: undefined ): postExecution Timing: 37ms since start, 37ms since last event (Running: 1)', 'color: rgb(183,51,59)'
,Chrome 46.0.2490 (Mac OS X 10.10.5) INFO: '[info] WD: -Running calls decremented to: 0'
,Chrome 46.0.2490 (Mac OS X 10.10.5) LOG: '%c[log] WD:           [Lifecycle >Start] visualizationAPIComponent [visualizationAPIComponent] (P: undefined ): preExecution Timing: 0ms since start, 0ms since last event (Running: 0)', 'color: rgb(114,140,123)'
,Chrome 46.0.2490 (Mac OS X 10.10.5) INFO: '[info] WD: +Running calls incremented to: 1'
,Chrome 46.0.2490 (Mac OS X 10.10.5) LOG: '%c[log] WD:           [Lifecycle >Start] visualizationAPIComponent [visualizationAPIComponent] (P: undefined ): preExecution Timing: 101ms since start, 101ms since last event (Running: 1)', 'color: rgb(114,140,123)'
,Chrome 46.0.2490 (Mac OS X 10.10.5) LOG: '%c[log] WD:           [Lifecycle <End  ] visualizationAPIComponent [visualizationAPIComponent] (P: undefined ): postExecution Timing: 103ms since start, 103ms since last event (Running: 1)', 'color: rgb(114,140,123)'
,Chrome 46.0.2490 (Mac OS X 10.10.5) INFO: '[info] WD: -Running calls decremented to: 0'
,Chrome 46.0.2490 (Mac OS X 10.10.5) LOG: '%c[log] WD:           [Lifecycle >Start] visualizationAPIComponent [visualizationAPIComponent] (P: undefined ): preExecution Timing: 109ms since start, 109ms since last event (Running: 0)', 'color: rgb(114,140,123)'
,Chrome 46.0.2490 (Mac OS X 10.10.5) INFO: '[info] WD: +Running calls incremented to: 1'
,Chrome 46.0.2490 (Mac OS X 10.10.5) LOG: '%c[log] WD:           [Lifecycle <End  ] visualizationAPIComponent [visualizationAPIComponent] (P: undefined ): postExecution Timing: 115ms since start, 115ms since last event (Running: 1)', 'color: rgb(114,140,123)'
,Chrome 46.0.2490 (Mac OS X 10.10.5) INFO: '[info] WD: -Running calls decremented to: 0'
,Chrome 46.0.2490 (Mac OS X 10.10.5) LOG: '%c[log] WD:           [Lifecycle <End  ] visualizationAPIComponent [visualizationAPIComponent] (P: undefined ): postExecution Timing: 142ms since start, 142ms since last event (Running: 0)', 'color: rgb(114,140,123)'
,Chrome 46.0.2490 (Mac OS X 10.10.5) INFO: '[info] WD: +Running calls incremented to: 1'
,Chrome 46.0.2490 (Mac OS X 10.10.5) LOG: '%c[log] WD:           [Lifecycle >Start] xactionComponent [xactionComponent] (P: undefined ): preExecution Timing: 0ms since start, 0ms since last event (Running: 1)', 'color: rgb(88,130,120)'
,Chrome 46.0.2490 (Mac OS X 10.10.5) INFO: '[info] WD: -Running calls decremented to: 0'
,Chrome 46.0.2490 (Mac OS X 10.10.5) LOG: '%c[log] WD:           [Lifecycle <End  ] xactionComponent [xactionComponent] (P: undefined ): postExecution Timing: 13ms since start, 13ms since last event (Running: 0)', 'color: rgb(88,130,120)'
,Chrome 46.0.2490 (Mac OS X 10.10.5) LOG: '%c[log] WD:           [Lifecycle >Start] tableComponent [tableComponent] (P: undefined ): preExecution Timing: 0ms since start, 0ms since last event (Running: 0)', 'color: rgb(85,164,175)'
,Chrome 46.0.2490 (Mac OS X 10.10.5) INFO: '[info] WD: +Running calls incremented to: 1'
,Chrome 46.0.2490 (Mac OS X 10.10.5) INFO: '[info] WD: getWcdfSettings was not overriden, returning empty object'

]]></system-out>
    <system-err/>
  </testsuite>
</testsuites>
